<?xml version="1.0" encoding="UTF-8"?>
<testng-results skipped="0" failed="0" ignored="0" total="1" passed="1">
  <reporter-output>
  </reporter-output>
  <suite name="Default suite" duration-ms="61" started-at="2021-04-30T09:18:41 EDT" finished-at="2021-04-30T09:18:41 EDT">
    <groups>
    </groups>
    <test name="Default test" duration-ms="61" started-at="2021-04-30T09:18:41 EDT" finished-at="2021-04-30T09:18:41 EDT">
      <class name="com.test.mathFunctions">
        <test-method status="PASS" signature="login()[pri:0, instance:com.test.mathFunctions@2ac273d3]" name="login" is-config="true" duration-ms="14" started-at="2021-04-30T09:18:41 EDT" finished-at="2021-04-30T09:18:41 EDT">
          <reporter-output>
          </reporter-output>
        </test-method> <!-- login -->
        <test-method status="PASS" signature="enterURL()[pri:0, instance:com.test.mathFunctions@2ac273d3]" name="enterURL" is-config="true" duration-ms="2" started-at="2021-04-30T09:18:41 EDT" finished-at="2021-04-30T09:18:41 EDT">
          <reporter-output>
          </reporter-output>
        </test-method> <!-- enterURL -->
        <test-method status="PASS" signature="googelTitleTest()[pri:0, instance:com.test.mathFunctions@2ac273d3]" name="googelTitleTest" duration-ms="7" started-at="2021-04-30T09:18:41 EDT" finished-at="2021-04-30T09:18:41 EDT">
          <reporter-output>
          </reporter-output>
        </test-method> <!-- googelTitleTest -->
        <test-method status="PASS" signature="logout()[pri:0, instance:com.test.mathFunctions@2ac273d3]" name="logout" is-config="true" duration-ms="1" started-at="2021-04-30T09:18:41 EDT" finished-at="2021-04-30T09:18:41 EDT">
          <reporter-output>
          </reporter-output>
        </test-method> <!-- logout -->
        <test-method status="PASS" signature="closeBrowser()[pri:0, instance:com.test.mathFunctions@2ac273d3]" name="closeBrowser" is-config="true" duration-ms="1" started-at="2021-04-30T09:18:41 EDT" finished-at="2021-04-30T09:18:41 EDT">
          <reporter-output>
          </reporter-output>
        </test-method> <!-- closeBrowser -->
        <test-method status="PASS" signature="deleteAllCookies()[pri:0, instance:com.test.mathFunctions@2ac273d3]" name="deleteAllCookies" is-config="true" duration-ms="0" started-at="2021-04-30T09:18:41 EDT" finished-at="2021-04-30T09:18:41 EDT">
          <reporter-output>
          </reporter-output>
        </test-method> <!-- deleteAllCookies -->
      </class> <!-- com.test.mathFunctions -->
    </test> <!-- Default test -->
  </suite> <!-- Default suite -->
</testng-results>
